Test 'TestCrodip.AgentManagerTest.sendWSAgentTest' failed: Échec de Assert.AreEqual. Attendu : <>, Réel : <testgv>. 
	AgentManagerTest.vb(94,0): à TestCrodip.AgentManagerTest.sendWSAgentTest()

Test 'TestCrodip.AutoTestTest.TestCreateControlesReguliers' failed: Échec de Assert.AreEqual. Attendu : <0>, Réel : <2>. 
	AutoTestTest.vb(468,0): à TestCrodip.AutoTestTest.TestCreateControlesReguliers()

Test 'TestCrodip.BancManagerTest.Get_Send_WS_Test' failed: Échec de Assert.AreEqual. Attendu : <False>, Réel : <True>. 
	BancManagerTest.vb(157,0): à TestCrodip.BancManagerTest.Get_Send_WS_Test()

Test 'TestCrodip.BancManagerTest.DeleteMaterielTest' failed: Échec de Assert.AreEqual. Attendu : <1053>, Réel : <AgentSuppression>. 
	BancManagerTest.vb(194,0): à TestCrodip.BancManagerTest.DeleteMaterielTest()


Test 'TestCrodip.BancManagerTest.JamaisServiTest' failed: Échec de Assert.IsFalse. 
	BancManagerTest.vb(250,0): à TestCrodip.BancManagerTest.JamaisServiTest()

Test 'TestCrodip.BancManagerTest.GetBancByStructureTest' failed: Échec de Assert.AreEqual. Attendu : <1>, Réel : <0>. 
	BancManagerTest.vb(298,0): à TestCrodip.BancManagerTest.GetBancByStructureTest()

Test 'TestCrodip.BancManagerTest.GetBancJamaisServi' failed: Échec de Assert.AreEqual. Attendu : <0>, Réel : <1>. 
	BancManagerTest.vb(347,0): à TestCrodip.BancManagerTest.GetBancJamaisServi()

Test 'TestCrodip.BuseManagerTest.DeleteMaterielTest' failed: Échec de Assert.AreEqual. Attendu : <Agent de test>, Réel : <AgentSuppression>. 
	BuseManagerTest.vb(254,0): à TestCrodip.BuseManagerTest.DeleteMaterielTest()

Test 'TestCrodip.BuseManagerTest.GetBuseByStructureTest' failed: Échec de Assert.AreEqual. Attendu : <1>, Réel : <2>. 
	BuseManagerTest.vb(379,0): à TestCrodip.BuseManagerTest.GetBuseByStructureTest()

Test 'TestCrodip.BuseManagerTest.GetBuseJamaisServi' failed: Échec de Assert.AreEqual. Attendu : <0>, Réel : <2>. 
	BuseManagerTest.vb(429,0): à TestCrodip.BuseManagerTest.GetBuseJamaisServi()

Test 'TestCrodip.BuseManagerTest.ActiverBuseTest' failed: Échec de Assert.IsTrue. 
	BuseManagerTest.vb(466,0): à TestCrodip.BuseManagerTest.ActiverBuseTest()

[03/06/2014][19:36:11][Fatal] - CSEnvironnement.Renamefiles ERR : Impossible de trouver le fichier spécifié.
Test 'TestCrodip.CSEnvironnementTest.RenameFilesTest' failed: Échec de Assert.IsTrue. 
	CSEnvironnementTest.vb(68,0): à TestCrodip.CSEnvironnementTest.RenameFilesTest()

Test 'TestCrodip.DiagnosticManagerTest.TST_GetDiagPourcontreVisite4mois' failed: Échec de Assert.AreEqual. Attendu : <2>, Réel : <0>. 
	DiagnosticManagerTest.vb(500,0): à TestCrodip.DiagnosticManagerTest.TST_GetDiagPourcontreVisite4mois()


Test 'TestCrodip.DiagnosticManagerTest.TST_AddDiagItem' failed: La méthode de test TestCrodip.DiagnosticManagerTest.TST_AddDiagItem a levé une exception : 
System.NullReferenceException: La référence d'objet n'est pas définie à une instance d'un objet.
	DiagnosticManagerTest.vb(2487,0): à TestCrodip.DiagnosticManagerTest.TST_AddDiagItem()

Test 'TestCrodip.DiagnosticManagerTest.TST_CreateDiagItem' failed: Échec de Assert.AreEqual. Attendu : <2>, Réel : <3>. 
	DiagnosticManagerTest.vb(2530,0): à TestCrodip.DiagnosticManagerTest.TST_CreateDiagItem()

[03/06/2014][19:42:56][Error] - Diagnostic.generateDataSetForCR ERRLa conversion de la chaîne "" en type 'Date' n'est pas valide.
Test 'TestCrodip.DiagnosticManagerTest.TST_CreateEtatsynthes_Buse' failed: La méthode de test TestCrodip.DiagnosticManagerTest.TST_CreateEtatsynthes_Buse a levé une exception : 
System.NullReferenceException: La référence d'objet n'est pas définie à une instance d'un objet.
	DiagnosticManagerTest.vb(2738,0): à TestCrodip.DiagnosticManagerTest.TST_CreateEtatsynthes_Buse()

[03/06/2014][19:42:57][Error] - Diagnostic.generateDataSetForCR ERRLa conversion de la chaîne "" en type 'Date' n'est pas valide.
Test 'TestCrodip.DiagnosticManagerTest.TST_CreateEtatsynthes_542' failed: La méthode de test TestCrodip.DiagnosticManagerTest.TST_CreateEtatsynthes_542 a levé une exception : 
System.NullReferenceException: La référence d'objet n'est pas définie à une instance d'un objet.
	DiagnosticManagerTest.vb(2920,0): à TestCrodip.DiagnosticManagerTest.TST_CreateEtatsynthes_542()

[03/06/2014][19:42:58][Error] - Diagnostic.generateDataSetForCR ERRLa conversion de la chaîne "" en type 'Date' n'est pas valide.
Test 'TestCrodip.DiagnosticManagerTest.TST_CreateEtatsynthes_833' failed: Échec de Assert.IsNotNull. 
	DiagnosticManagerTest.vb(3079,0): à TestCrodip.DiagnosticManagerTest.TST_CreateEtatsynthes_833()

[03/06/2014][19:42:59][Error] - Diagnostic.generateDataSetForCR ERRLa conversion de la chaîne "" en type 'Date' n'est pas valide.
Test 'TestCrodip.DiagnosticManagerTest.TST_CreateEtatsynthes551' failed: La méthode de test TestCrodip.DiagnosticManagerTest.TST_CreateEtatsynthes551 a levé une exception : 
System.NullReferenceException: La référence d'objet n'est pas définie à une instance d'un objet.
	DiagnosticManagerTest.vb(3314,0): à TestCrodip.DiagnosticManagerTest.TST_CreateEtatsynthes551()

[03/06/2014][19:42:59][Error] - Diagnostic.generateDataSetForCR ERRLa conversion de la chaîne "" en type 'Date' n'est pas valide.
Test 'TestCrodip.DiagnosticManagerTest.TST_CreateEtatsynthes552' failed: La méthode de test TestCrodip.DiagnosticManagerTest.TST_CreateEtatsynthes552 a levé une exception : 
System.NullReferenceException: La référence d'objet n'est pas définie à une instance d'un objet.
	DiagnosticManagerTest.vb(3410,0): à TestCrodip.DiagnosticManagerTest.TST_CreateEtatsynthes552()


[03/06/2014][19:44:02][Error] - Err FVManoControleManager - Save : Modifications non effectuées: risque de doublons dans champs index, clé principale ou relation interdisant les doublons. Modifiez les données des champs contenant les doublons, enlevez ou redéfinissez l'index pour permettre les doublons et recommencez.

[03/06/2014][19:44:09][Error] - Err FVManoEtalon - Save : Modifications non effectuées: risque de doublons dans champs index, clé principale ou relation interdisant les doublons. Modifiez les données des champs contenant les doublons, enlevez ou redéfinissez l'index pour permettre les doublons et recommencez.

Test 'TestCrodip.ManometreControleManagerTest.DeleteMaterielTest' failed: Échec de Assert.AreEqual. Attendu : <Agent de test>, Réel : <AgentSuppression>. 
	ManometreControleManagerTest.vb(236,0): à TestCrodip.ManometreControleManagerTest.DeleteMaterielTest()


Test 'TestCrodip.ManometreEtalonManagerTest.DeleteMaterielTest' failed: Échec de Assert.AreEqual. Attendu : <Agent de test>, Réel : <AgentSuppression>. 
	ManometreEtalonManagerTest.vb(246,0): à TestCrodip.ManometreEtalonManagerTest.DeleteMaterielTest()

Test 'TestCrodip.PopulateComboTest.XMLFileTest' failed: Échec de Assert.AreEqual. Attendu : <142>, Réel : <144>. 
	PopulateComboBoxTest.vb(15,0): à TestCrodip.PopulateComboTest.XMLFileTest()

Test 'TestCrodip.PopulateComboTest.CbxMarqueTest' failed: Échec de Assert.AreEqual. Attendu : <142>, Réel : <144>. 
	PopulateComboBoxTest.vb(24,0): à TestCrodip.PopulateComboTest.CbxMarqueTest()

Test 'TestCrodip.PulverisateurManagerTest.TestLargeurNbRangsPulverisateur' failed: Échec de Assert.AreEqual. Attendu : <12,5>, Réel : <12,50>. 
	PulverisateurManagerTest.vb(330,0): à TestCrodip.PulverisateurManagerTest.TestLargeurNbRangsPulverisateur()

Test 'TestCrodip.RelevePression833Test.TST_CalculDefaut' failed: Échec de Assert.IsFalse. 
	RelevePression833Test.vb(176,0): à TestCrodip.RelevePression833Test.TST_CalculDefaut()


Test 'TestCrodip.WSCrodipTest.TestGetSoftwareUpdates' failed: Échec de Assert.AreEqual. Attendu : <0>, Réel : <2>. 
	WSCrodipTest.vb(95,0): à TestCrodip.WSCrodipTest.TestGetSoftwareUpdates()

142 passed, 27 failed, 4 skipped (see 'Task List'), took 646,62 seconds (MSTest 10.0).

